# JRE version: OpenJDK Runtime Environment AdoptOpenJDK (11.0.10+9) (build 11.0.10+9)
# Java VM: OpenJDK 64-Bit Server VM AdoptOpenJDK (11.0.10+9, mixed mode, tiered, compressed oops, parallel gc, windows-amd64)
Heap:
 PSYoungGen      total 20480K, used 6K [0x00000000eab00000, 0x00000000ec480000, 0x0000000100000000)
  eden space 19968K, 0% used [0x00000000eab00000,0x00000000eab01838,0x00000000ebe80000)
  from space 512K, 0% used [0x00000000ec180000,0x00000000ec180000,0x00000000ec200000)
  to   space 1536K, 0% used [0x00000000ec300000,0x00000000ec300000,0x00000000ec480000)
 ParOldGen       total 68608K, used 24877K [0x00000000c0000000, 0x00000000c4300000, 0x00000000eab00000)
  object space 68608K, 36% used [0x00000000c0000000,0x00000000c184b530,0x00000000c4300000)
 Metaspace       used 33736K, capacity 35409K, committed 35672K, reserved 1081344K
  class space    used 3138K, capacity 3685K, committed 3712K, reserved 1048576K
GC Heap History (20 events):
Event: 8.103 GC heap before
{Heap before GC invocations=6 (full 1):
 PSYoungGen      total 29696K, used 28038K [0x00000000eab00000, 0x00000000ecc00000, 0x0000000100000000)
  eden space 25600K, 100% used [0x00000000eab00000,0x00000000ec400000,0x00000000ec400000)
  from space 4096K, 59% used [0x00000000ec800000,0x00000000eca61b88,0x00000000ecc00000)
  to   space 4096K, 0% used [0x00000000ec400000,0x00000000ec400000,0x00000000ec800000)
 ParOldGen       total 68608K, used 7129K [0x00000000c0000000, 0x00000000c4300000, 0x00000000eab00000)
  object space 68608K, 10% used [0x00000000c0000000,0x00000000c06f6400,0x00000000c4300000)
 Metaspace       used 31130K, capacity 32815K, committed 33024K, reserved 1079296K
  class space    used 2961K, capacity 3500K, committed 3584K, reserved 1048576K
}
Event: 8.111 GC heap after
{Heap after GC invocations=6 (full 1):
 PSYoungGen      total 29184K, used 4070K [0x00000000eab00000, 0x00000000ecd80000, 0x0000000100000000)
  eden space 25088K, 0% used [0x00000000eab00000,0x00000000eab00000,0x00000000ec380000)
  from space 4096K, 99% used [0x00000000ec400000,0x00000000ec7f9bc8,0x00000000ec800000)
  to   space 5120K, 0% used [0x00000000ec880000,0x00000000ec880000,0x00000000ecd80000)
 ParOldGen       total 68608K, used 7465K [0x00000000c0000000, 0x00000000c4300000, 0x00000000eab00000)
  object space 68608K, 10% used [0x00000000c0000000,0x00000000c074a400,0x00000000c4300000)
 Metaspace       used 31130K, capacity 32815K, committed 33024K, reserved 1079296K
  class space    used 2961K, capacity 3500K, committed 3584K, reserved 1048576K
}
Event: 8.248 GC heap before
{Heap before GC invocations=7 (full 1):
 PSYoungGen      total 29184K, used 29158K [0x00000000eab00000, 0x00000000ecd80000, 0x0000000100000000)
  eden space 25088K, 100% used [0x00000000eab00000,0x00000000ec380000,0x00000000ec380000)
  from space 4096K, 99% used [0x00000000ec400000,0x00000000ec7f9bc8,0x00000000ec800000)
  to   space 5120K, 0% used [0x00000000ec880000,0x00000000ec880000,0x00000000ecd80000)
 ParOldGen       total 68608K, used 7465K [0x00000000c0000000, 0x00000000c4300000, 0x00000000eab00000)
  object space 68608K, 10% used [0x00000000c0000000,0x00000000c074a400,0x00000000c4300000)
 Metaspace       used 31212K, capacity 32880K, committed 33024K, reserved 1079296K
  class space    used 2963K, capacity 3500K, committed 3584K, reserved 1048576K
}
Event: 8.268 GC heap after
{Heap after GC invocations=7 (full 1):
 PSYoungGen      total 28160K, used 5117K [0x00000000eab00000, 0x00000000ed100000, 0x0000000100000000)
  eden space 23040K, 0% used [0x00000000eab00000,0x00000000eab00000,0x00000000ec180000)
  from space 5120K, 99% used [0x00000000ec880000,0x00000000ecd7f778,0x00000000ecd80000)
  to   space 7168K, 0% used [0x00000000ec180000,0x00000000ec180000,0x00000000ec880000)
 ParOldGen       total 68608K, used 8644K [0x00000000c0000000, 0x00000000c4300000, 0x00000000eab00000)
  object space 68608K, 12% used [0x00000000c0000000,0x00000000c08710a0,0x00000000c4300000)
 Metaspace       used 31212K, capacity 32880K, committed 33024K, reserved 1079296K
  class space    used 2963K, capacity 3500K, committed 3584K, reserved 1048576K
}
Event: 8.467 GC heap before
{Heap before GC invocations=8 (full 1):
 PSYoungGen      total 28160K, used 28157K [0x00000000eab00000, 0x00000000ed100000, 0x0000000100000000)
  eden space 23040K, 100% used [0x00000000eab00000,0x00000000ec180000,0x00000000ec180000)
  from space 5120K, 99% used [0x00000000ec880000,0x00000000ecd7f778,0x00000000ecd80000)
  to   space 7168K, 0% used [0x00000000ec180000,0x00000000ec180000,0x00000000ec880000)
 ParOldGen       total 68608K, used 8644K [0x00000000c0000000, 0x00000000c4300000, 0x00000000eab00000)
  object space 68608K, 12% used [0x00000000c0000000,0x00000000c08710a0,0x00000000c4300000)
 Metaspace       used 31297K, capacity 32944K, committed 33280K, reserved 1079296K
  class space    used 2967K, capacity 3500K, committed 3584K, reserved 1048576K
}
Event: 8.476 GC heap after
{Heap after GC invocations=8 (full 1):
 PSYoungGen      total 29696K, used 7156K [0x00000000eab00000, 0x00000000ed000000, 0x0000000100000000)
  eden space 22528K, 0% used [0x00000000eab00000,0x00000000eab00000,0x00000000ec100000)
  from space 7168K, 99% used [0x00000000ec180000,0x00000000ec87d358,0x00000000ec880000)
  to   space 7680K, 0% used [0x00000000ec880000,0x00000000ec880000,0x00000000ed000000)
 ParOldGen       total 68608K, used 8724K [0x00000000c0000000, 0x00000000c4300000, 0x00000000eab00000)
  object space 68608K, 12% used [0x00000000c0000000,0x00000000c08850a0,0x00000000c4300000)
 Metaspace       used 31297K, capacity 32944K, committed 33280K, reserved 1079296K
  class space    used 2967K, capacity 3500K, committed 3584K, reserved 1048576K
}
Event: 8.916 GC heap before
{Heap before GC invocations=9 (full 1):
 PSYoungGen      total 29696K, used 29684K [0x00000000eab00000, 0x00000000ed000000, 0x0000000100000000)
  eden space 22528K, 100% used [0x00000000eab00000,0x00000000ec100000,0x00000000ec100000)
  from space 7168K, 99% used [0x00000000ec180000,0x00000000ec87d358,0x00000000ec880000)
  to   space 7680K, 0% used [0x00000000ec880000,0x00000000ec880000,0x00000000ed000000)
 ParOldGen       total 68608K, used 8724K [0x00000000c0000000, 0x00000000c4300000, 0x00000000eab00000)
  object space 68608K, 12% used [0x00000000c0000000,0x00000000c08850a0,0x00000000c4300000)
 Metaspace       used 31376K, capacity 33040K, committed 33280K, reserved 1079296K
  class space    used 2975K, capacity 3532K, committed 3584K, reserved 1048576K
}
Event: 8.948 GC heap after
{Heap after GC invocations=9 (full 1):
 PSYoungGen      total 27648K, used 7666K [0x00000000eab00000, 0x00000000ed480000, 0x0000000100000000)
  eden space 19968K, 0% used [0x00000000eab00000,0x00000000eab00000,0x00000000ebe80000)
  from space 7680K, 99% used [0x00000000ec880000,0x00000000ecffcb48,0x00000000ed000000)
  to   space 10240K, 0% used [0x00000000ebe80000,0x00000000ebe80000,0x00000000ec880000)
 ParOldGen       total 68608K, used 10805K [0x00000000c0000000, 0x00000000c4300000, 0x00000000eab00000)
  object space 68608K, 15% used [0x00000000c0000000,0x00000000c0a8d798,0x00000000c4300000)
 Metaspace       used 31376K, capacity 33040K, committed 33280K, reserved 1079296K
  class space    used 2975K, capacity 3532K, committed 3584K, reserved 1048576K
}
Event: 9.028 GC heap before
{Heap before GC invocations=10 (full 1):
 PSYoungGen      total 27648K, used 27634K [0x00000000eab00000, 0x00000000ed480000, 0x0000000100000000)
  eden space 19968K, 100% used [0x00000000eab00000,0x00000000ebe80000,0x00000000ebe80000)
  from space 7680K, 99% used [0x00000000ec880000,0x00000000ecffcb48,0x00000000ed000000)
  to   space 10240K, 0% used [0x00000000ebe80000,0x00000000ebe80000,0x00000000ec880000)
 ParOldGen       total 68608K, used 10805K [0x00000000c0000000, 0x00000000c4300000, 0x00000000eab00000)
  object space 68608K, 15% used [0x00000000c0000000,0x00000000c0a8d798,0x00000000c4300000)
 Metaspace       used 31460K, capacity 33111K, committed 33280K, reserved 1079296K
  class space    used 2985K, capacity 3534K, committed 3584K, reserved 1048576K
}
Event: 9.042 GC heap after
{Heap after GC invocations=10 (full 1):
 PSYoungGen      total 26624K, used 6624K [0x00000000eab00000, 0x00000000ece80000, 0x0000000100000000)
  eden space 19968K, 0% used [0x00000000eab00000,0x00000000eab00000,0x00000000ebe80000)
  from space 6656K, 99% used [0x00000000ebe80000,0x00000000ec4f8020,0x00000000ec500000)
  to   space 8192K, 0% used [0x00000000ec680000,0x00000000ec680000,0x00000000ece80000)
 ParOldGen       total 68608K, used 14199K [0x00000000c0000000, 0x00000000c4300000, 0x00000000eab00000)
  object space 68608K, 20% used [0x00000000c0000000,0x00000000c0dddeb0,0x00000000c4300000)
 Metaspace       used 31460K, capacity 33111K, committed 33280K, reserved 1079296K
  class space    used 2985K, capacity 3534K, committed 3584K, reserved 1048576K
}
Event: 9.130 GC heap before
{Heap before GC invocations=11 (full 1):
 PSYoungGen      total 26624K, used 26592K [0x00000000eab00000, 0x00000000ece80000, 0x0000000100000000)
  eden space 19968K, 100% used [0x00000000eab00000,0x00000000ebe80000,0x00000000ebe80000)
  from space 6656K, 99% used [0x00000000ebe80000,0x00000000ec4f8020,0x00000000ec500000)
  to   space 8192K, 0% used [0x00000000ec680000,0x00000000ec680000,0x00000000ece80000)
 ParOldGen       total 68608K, used 14199K [0x00000000c0000000, 0x00000000c4300000, 0x00000000eab00000)
  object space 68608K, 20% used [0x00000000c0000000,0x00000000c0dddeb0,0x00000000c4300000)
 Metaspace       used 31506K, capacity 33111K, committed 33280K, reserved 1079296K
  class space    used 2989K, capacity 3534K, committed 3584K, reserved 1048576K
}
Event: 9.163 GC heap after
{Heap after GC invocations=11 (full 1):
 PSYoungGen      total 24576K, used 4336K [0x00000000eab00000, 0x00000000ecb00000, 0x0000000100000000)
  eden space 19968K, 0% used [0x00000000eab00000,0x00000000eab00000,0x00000000ebe80000)
  from space 4608K, 94% used [0x00000000ec680000,0x00000000ecabc020,0x00000000ecb00000)
  to   space 5632K, 0% used [0x00000000ec000000,0x00000000ec000000,0x00000000ec580000)
 ParOldGen       total 68608K, used 18389K [0x00000000c0000000, 0x00000000c4300000, 0x00000000eab00000)
  object space 68608K, 26% used [0x00000000c0000000,0x00000000c11f5798,0x00000000c4300000)
 Metaspace       used 31506K, capacity 33111K, committed 33280K, reserved 1079296K
  class space    used 2989K, capacity 3534K, committed 3584K, reserved 1048576K
}
Event: 9.510 GC heap before
{Heap before GC invocations=12 (full 1):
 PSYoungGen      total 24576K, used 24304K [0x00000000eab00000, 0x00000000ecb00000, 0x0000000100000000)
  eden space 19968K, 100% used [0x00000000eab00000,0x00000000ebe80000,0x00000000ebe80000)
  from space 4608K, 94% used [0x00000000ec680000,0x00000000ecabc020,0x00000000ecb00000)
  to   space 5632K, 0% used [0x00000000ec000000,0x00000000ec000000,0x00000000ec580000)
 ParOldGen       total 68608K, used 18389K [0x00000000c0000000, 0x00000000c4300000, 0x00000000eab00000)
  object space 68608K, 26% used [0x00000000c0000000,0x00000000c11f5798,0x00000000c4300000)
 Metaspace       used 31668K, capacity 33313K, committed 33536K, reserved 1079296K
  class space    used 3004K, capacity 3537K, committed 3584K, reserved 1048576K
}
Event: 9.603 GC heap after
{Heap after GC invocations=12 (full 1):
 PSYoungGen      total 22016K, used 1568K [0x00000000eab00000, 0x00000000ec700000, 0x0000000100000000)
  eden space 19968K, 0% used [0x00000000eab00000,0x00000000eab00000,0x00000000ebe80000)
  from space 2048K, 76% used [0x00000000ec000000,0x00000000ec188000,0x00000000ec200000)
  to   space 3072K, 0% used [0x00000000ec400000,0x00000000ec400000,0x00000000ec700000)
 ParOldGen       total 68608K, used 22684K [0x00000000c0000000, 0x00000000c4300000, 0x00000000eab00000)
  object space 68608K, 33% used [0x00000000c0000000,0x00000000c1627038,0x00000000c4300000)
 Metaspace       used 31668K, capacity 33313K, committed 33536K, reserved 1079296K
  class space    used 3004K, capacity 3537K, committed 3584K, reserved 1048576K
}
Event: 10.328 GC heap before
{Heap before GC invocations=13 (full 1):
 PSYoungGen      total 22016K, used 21265K [0x00000000eab00000, 0x00000000ec700000, 0x0000000100000000)
  eden space 19968K, 98% used [0x00000000eab00000,0x00000000ebe3c5c0,0x00000000ebe80000)
  from space 2048K, 76% used [0x00000000ec000000,0x00000000ec188000,0x00000000ec200000)
  to   space 3072K, 0% used [0x00000000ec400000,0x00000000ec400000,0x00000000ec700000)
 ParOldGen       total 68608K, used 22684K [0x00000000c0000000, 0x00000000c4300000, 0x00000000eab00000)
  object space 68608K, 33% used [0x00000000c0000000,0x00000000c1627038,0x00000000c4300000)
 Metaspace       used 32625K, capacity 34257K, committed 34432K, reserved 1079296K
  class space    used 3062K, capacity 3621K, committed 3712K, reserved 1048576K
}
Event: 10.422 GC heap after
{Heap after GC invocations=13 (full 1):
 PSYoungGen      total 22528K, used 2213K [0x00000000eab00000, 0x00000000ec680000, 0x0000000100000000)
  eden space 19968K, 0% used [0x00000000eab00000,0x00000000eab00000,0x00000000ebe80000)
  from space 2560K, 86% used [0x00000000ec400000,0x00000000ec629520,0x00000000ec680000)
  to   space 2560K, 0% used [0x00000000ec180000,0x00000000ec180000,0x00000000ec400000)
 ParOldGen       total 68608K, used 24214K [0x00000000c0000000, 0x00000000c4300000, 0x00000000eab00000)
  object space 68608K, 35% used [0x00000000c0000000,0x00000000c17a5b30,0x00000000c4300000)
 Metaspace       used 32625K, capacity 34257K, committed 34432K, reserved 1079296K
  class space    used 3062K, capacity 3621K, committed 3712K, reserved 1048576K
}
Event: 10.680 GC heap before
{Heap before GC invocations=14 (full 1):
 PSYoungGen      total 22528K, used 4348K [0x00000000eab00000, 0x00000000ec680000, 0x0000000100000000)
  eden space 19968K, 10% used [0x00000000eab00000,0x00000000ead15d08,0x00000000ebe80000)
  from space 2560K, 86% used [0x00000000ec400000,0x00000000ec629520,0x00000000ec680000)
  to   space 2560K, 0% used [0x00000000ec180000,0x00000000ec180000,0x00000000ec400000)
 ParOldGen       total 68608K, used 24214K [0x00000000c0000000, 0x00000000c4300000, 0x00000000eab00000)
  object space 68608K, 35% used [0x00000000c0000000,0x00000000c17a5b30,0x00000000c4300000)
 Metaspace       used 33734K, capacity 35345K, committed 35416K, reserved 1081344K
  class space    used 3138K, capacity 3685K, committed 3712K, reserved 1048576K
}
Event: 10.771 GC heap after
{Heap after GC invocations=14 (full 1):
 PSYoungGen      total 20480K, used 320K [0x00000000eab00000, 0x00000000ec480000, 0x0000000100000000)
  eden space 19968K, 0% used [0x00000000eab00000,0x00000000eab00000,0x00000000ebe80000)
  from space 512K, 62% used [0x00000000ec180000,0x00000000ec1d0000,0x00000000ec200000)
  to   space 1536K, 0% used [0x00000000ec300000,0x00000000ec300000,0x00000000ec480000)
 ParOldGen       total 68608K, used 26402K [0x00000000c0000000, 0x00000000c4300000, 0x00000000eab00000)
  object space 68608K, 38% used [0x00000000c0000000,0x00000000c19c8bb0,0x00000000c4300000)
 Metaspace       used 33734K, capacity 35345K, committed 35416K, reserved 1081344K
  class space    used 3138K, capacity 3685K, committed 3712K, reserved 1048576K
}
Event: 10.771 GC heap before
{Heap before GC invocations=15 (full 2):
 PSYoungGen      total 20480K, used 320K [0x00000000eab00000, 0x00000000ec480000, 0x0000000100000000)
  eden space 19968K, 0% used [0x00000000eab00000,0x00000000eab00000,0x00000000ebe80000)
  from space 512K, 62% used [0x00000000ec180000,0x00000000ec1d0000,0x00000000ec200000)
  to   space 1536K, 0% used [0x00000000ec300000,0x00000000ec300000,0x00000000ec480000)
 ParOldGen       total 68608K, used 26402K [0x00000000c0000000, 0x00000000c4300000, 0x00000000eab00000)
  object space 68608K, 38% used [0x00000000c0000000,0x00000000c19c8bb0,0x00000000c4300000)
 Metaspace       used 33734K, capacity 35345K, committed 35416K, reserved 1081344K
  class space    used 3138K, capacity 3685K, committed 3712K, reserved 1048576K
}
Event: 11.286 GC heap after
{Heap after GC invocations=15 (full 2):
 PSYoungGen      total 20480K, used 0K [0x00000000eab00000, 0x00000000ec480000, 0x0000000100000000)
  eden space 19968K, 0% used [0x00000000eab00000,0x00000000eab00000,0x00000000ebe80000)
  from space 512K, 0% used [0x00000000ec180000,0x00000000ec180000,0x00000000ec200000)
  to   space 1536K, 0% used [0x00000000ec300000,0x00000000ec300000,0x00000000ec480000)
 ParOldGen       total 68608K, used 24877K [0x00000000c0000000, 0x00000000c4300000, 0x00000000eab00000)
  object space 68608K, 36% used [0x00000000c0000000,0x00000000c184b530,0x00000000c4300000)
 Metaspace       used 33734K, capacity 35345K, committed 35416K, reserved 1081344K
  class space    used 3138K, capacity 3685K, committed 3712K, reserved 1048576K
}

